0 info it worked if it ends with ok
1 verbose cli [ '/usr/local/Cellar/node/5.7.1/bin/node',
1 verbose cli   '/usr/local/bin/npm',
1 verbose cli   'i',
1 verbose cli   '--save-dev',
1 verbose cli   'eslint',
1 verbose cli   '[eslint-plugins]' ]
2 info using npm@3.6.0
3 info using node@v5.7.1
4 silly loadCurrentTree Starting
5 silly install loadCurrentTree
6 silly install readLocalPackageData
7 silly fetchPackageMetaData eslint
8 silly fetchPackageMetaData [eslint-plugins]
9 silly fetchNamedPackageData eslint
10 silly mapToRegistry name eslint
11 silly mapToRegistry using default registry
12 silly mapToRegistry registry https://registry.npmjs.org/
13 silly mapToRegistry uri https://registry.npmjs.org/eslint
14 silly fetchOtherPackageData [eslint-plugins]
15 silly cache add args [ '[eslint-plugins]', null ]
16 verbose cache add spec [eslint-plugins]
17 verbose request uri https://registry.npmjs.org/eslint
18 verbose request no auth needed
19 info attempt registry request try #1 at 10:48:30 AM
20 verbose request id e45dbc0b416fc660
21 http request GET https://registry.npmjs.org/eslint
22 silly cache add parsed spec Result {
22 silly cache add   raw: '[eslint-plugins]',
22 silly cache add   scope: null,
22 silly cache add   name: null,
22 silly cache add   rawSpec: '[eslint-plugins]',
22 silly cache add   spec: '/Users/Reed/Desktop/react_projects/Minesweeper/[eslint-plugins]',
22 silly cache add   type: 'local' }
23 error addLocal Could not install /Users/Reed/Desktop/react_projects/Minesweeper/[eslint-plugins]
24 silly fetchPackageMetaData Error: ENOENT: no such file or directory, open '/Users/Reed/Desktop/react_projects/Minesweeper/[eslint-plugins]'
24 silly fetchPackageMetaData     at Error (native)
24 silly fetchPackageMetaData  error for [eslint-plugins] { [Error: ENOENT: no such file or directory, open '/Users/Reed/Desktop/react_projects/Minesweeper/[eslint-plugins]']
24 silly fetchPackageMetaData   errno: -2,
24 silly fetchPackageMetaData   code: 'ENOENT',
24 silly fetchPackageMetaData   syscall: 'open',
24 silly fetchPackageMetaData   path: '/Users/Reed/Desktop/react_projects/Minesweeper/[eslint-plugins]' }
25 http 200 https://registry.npmjs.org/eslint
26 verbose headers { server: 'CouchDB/1.5.0 (Erlang OTP/R16B03)',
26 verbose headers   etag: '"69IY1KASX0H6KQ4EHWN4RRHHC"',
26 verbose headers   'content-type': 'application/json',
26 verbose headers   'content-encoding': 'gzip',
26 verbose headers   'cache-control': 'max-age=300',
26 verbose headers   'content-length': '30890',
26 verbose headers   'accept-ranges': 'bytes',
26 verbose headers   date: 'Thu, 28 Jul 2016 16:48:31 GMT',
26 verbose headers   via: '1.1 varnish',
26 verbose headers   age: '67',
26 verbose headers   connection: 'keep-alive',
26 verbose headers   'x-served-by': 'cache-den6020-DEN',
26 verbose headers   'x-cache': 'HIT',
26 verbose headers   'x-cache-hits': '2',
26 verbose headers   'x-timer': 'S1469724511.389989,VS0,VE0',
26 verbose headers   vary: 'Accept-Encoding' }
27 silly get cb [ 200,
27 silly get   { server: 'CouchDB/1.5.0 (Erlang OTP/R16B03)',
27 silly get     etag: '"69IY1KASX0H6KQ4EHWN4RRHHC"',
27 silly get     'content-type': 'application/json',
27 silly get     'content-encoding': 'gzip',
27 silly get     'cache-control': 'max-age=300',
27 silly get     'content-length': '30890',
27 silly get     'accept-ranges': 'bytes',
27 silly get     date: 'Thu, 28 Jul 2016 16:48:31 GMT',
27 silly get     via: '1.1 varnish',
27 silly get     age: '67',
27 silly get     connection: 'keep-alive',
27 silly get     'x-served-by': 'cache-den6020-DEN',
27 silly get     'x-cache': 'HIT',
27 silly get     'x-cache-hits': '2',
27 silly get     'x-timer': 'S1469724511.389989,VS0,VE0',
27 silly get     vary: 'Accept-Encoding' } ]
28 verbose get saving eslint to /Users/Reed/.npm/registry.npmjs.org/eslint/.cache.json
29 verbose correctMkdir /Users/Reed/.npm correctMkdir not in flight; initializing
30 silly rollbackFailedOptional Starting
31 silly rollbackFailedOptional Finishing
32 silly runTopLevelLifecycles Starting
33 silly runTopLevelLifecycles Finishing
34 silly install printInstalled
35 verbose stack Error: ENOENT: no such file or directory, open '/Users/Reed/Desktop/react_projects/Minesweeper/[eslint-plugins]'
35 verbose stack     at Error (native)
36 verbose cwd /Users/Reed/Desktop/react_projects/Minesweeper
37 error Darwin 15.2.0
38 error argv "/usr/local/Cellar/node/5.7.1/bin/node" "/usr/local/bin/npm" "i" "--save-dev" "eslint" "[eslint-plugins]"
39 error node v5.7.1
40 error npm  v3.6.0
41 error path /Users/Reed/Desktop/react_projects/Minesweeper/[eslint-plugins]
42 error code ENOENT
43 error errno -2
44 error syscall open
45 error enoent ENOENT: no such file or directory, open '/Users/Reed/Desktop/react_projects/Minesweeper/[eslint-plugins]'
46 error enoent ENOENT: no such file or directory, open '/Users/Reed/Desktop/react_projects/Minesweeper/[eslint-plugins]'
46 error enoent This is most likely not a problem with npm itself
46 error enoent and is related to npm not being able to find a file.
47 verbose exit [ -2, true ]
